<?xml version="1.0" encoding="UTF-8"?>
<!-- Generated by org.testng.reporters.JUnitXMLReporter -->
<testsuite ignored="0" hostname="DESKTOP-14E9C6J" failures="1" tests="4" name="TestByGroup" time="130.566" errors="0" timestamp="2025-05-23T07:59:05 IST">
  <testcase classname="com.sevenmartsupermarket.tests.HomeTest" name="verifyAdminMoreInfoButton" time="7.487"/>
  <testcase classname="com.sevenmartsupermarket.tests.LoginTest" name="dummyTestCase" time="1.924">
    <failure type="java.lang.AssertionError" message="expected [true] but found [false]">
      <![CDATA[java.lang.AssertionError: expected [true] but found [false]
at com.sevenmartsupermarket.tests.LoginTest.dummyTestCase(LoginTest.java:34)
at java.base/java.util.ArrayList.forEach(ArrayList.java:1541)
... Removed 31 stack frames]]>
    </failure>
  </testcase> <!-- dummyTestCase -->
  <testcase classname="com.sevenmartsupermarket.tests.LoginTest" name="verifyValidLogin" time="6.56"/>
  <testcase classname="com.sevenmartsupermarket.tests.AdminUserTest" name="verifyAdminUserPageNewButton" time="16.597"/>
</testsuite> <!-- TestByGroup -->
